android:text="@string/kmember_autogen_mendian_1e3bf"		<=>		android:text="@string/kmember_autogen_mendian"		<=>		/Users/lightman_mac/company/keruyun/proj_sourcecode/kmobile-member-manage/kmember/src/main/res/layout/kmember_act_info_customer.xml
android:text="@string/kmember_autogen_shengri_6a34c"		<=>		android:text="@string/kmember_autogen_shengri"		<=>		/Users/lightman_mac/company/keruyun/proj_sourcecode/kmobile-member-manage/kmember/src/main/res/layout/kmember_act_info_customer.xml
android:text="@string/kmember_autogen_shengjichengweihuiyuanxiangshouhuiyuanquanyi_93081"		<=>		android:text="@string/kmember_autogen_upgrade_vip_right"		<=>		/Users/lightman_mac/company/keruyun/proj_sourcecode/kmobile-member-manage/kmember/src/main/res/layout/kmember_act_info_customer.xml
android:hint="@string/kmember_autogen_wu_655af"		<=>		android:hint="@string/kmember_autogen_wu"		<=>		/Users/lightman_mac/company/keruyun/proj_sourcecode/kmobile-member-manage/kmember/src/main/res/layout/kmember_act_info_member.xml
android:text="@string/kmember_autogen_neirongshuruyouwu_ca01d"		<=>		android:text="@string/kmember_autogen_input_error"		<=>		/Users/lightman_mac/company/keruyun/proj_sourcecode/kmobile-member-manage/kmember/src/main/res/layout/kmember_act_member_create.xml
android:text="@string/kmember_autogen_fenzuxiangqing_209b9"		<=>		android:text="@string/kmember_autogen_fenzuxiangqing"		<=>		/Users/lightman_mac/company/keruyun/proj_sourcecode/kmobile-member-manage/kmember/src/main/res/layout/kmember_stored_detail_dialog.xml
android:text="@string/kmember_autogen_fenzumingcheng_ee3db"		<=>		android:text="@string/kmember_autogen_fenzumingcheng"		<=>		/Users/lightman_mac/company/keruyun/proj_sourcecode/kmobile-member-manage/kmember/src/main/res/layout/kmember_stored_detail_dialog.xml
android:text="@string/kmember_autogen_gengxinshijian_b77c5"		<=>		android:text="@string/kmember_autogen_gengxinshijian"		<=>		/Users/lightman_mac/company/keruyun/proj_sourcecode/kmobile-member-manage/kmember/src/main/res/layout/kmember_stored_detail_dialog.xml
android:text="@string/kmember_autogen_mendianzongshu_bedf4"		<=>		android:text="@string/kmember_autogen_mendianzongshu"		<=>		/Users/lightman_mac/company/keruyun/proj_sourcecode/kmobile-member-manage/kmember/src/main/res/layout/kmember_stored_detail_dialog.xml
android:text="@string/kmember_autogen_mendianliebiao_de6ce"		<=>		android:text="@string/kmember_autogen_mendianliebiao"		<=>		/Users/lightman_mac/company/keruyun/proj_sourcecode/kmobile-member-manage/kmember/src/main/res/layout/kmember_stored_detail_dialog.xml
android:text="@string/kmember_autogen_xianjinzhifu_92f7e"		<=>		android:text="@string/kmember_autogen_xianjinzhifu"		<=>		/Users/lightman_mac/company/keruyun/proj_sourcecode/kmobile-member-manage/kmember/src/main/res/layout/member_credit_item_choose_common_list.xml
android:text="@string/kmember_autogen_xiaohuang_14831"		<=>				<=>		/Users/lightman_mac/company/keruyun/proj_sourcecode/kmobile-member-manage/kmember/src/main/res/layout/member_credit_item_member_ship_credit_history.xml
android:text="@string/kmember_autogen_yuan_299b4"		<=>				<=>		/Users/lightman_mac/company/keruyun/proj_sourcecode/kmobile-member-manage/kmember/src/main/res/layout/member_credit_item_member_ship_credit_history.xml
android:text="@string/kmember_autogen_chujihuiyuan_50ac4"		<=>		android:text="@string/kmember_autogen_chujihuiyuan"		<=>		/Users/lightman_mac/company/keruyun/proj_sourcecode/kmobile-member-manage/kmember/src/main/res/layout/member_credit_item_member_ship_credit_history.xml
android:text="@string/kmember_autogen_yuan_accd8"		<=>				<=>		/Users/lightman_mac/company/keruyun/proj_sourcecode/kmobile-member-manage/kmember/src/main/res/layout/member_credit_item_member_ship_credit_history.xml
android:text="@string/kmember_autogen_yuehao_f29f7"		<=>			<=>		/Users/lightman_mac/company/keruyun/proj_sourcecode/kmobile-member-manage/kmember/src/main/res/layout/member_credit_item_member_ship_credit_history.xml
android:text="@string/kmember_autogen_guizeweishezhi_dac67"		<=>		android:text="@string/kmember_autogen_guizeweishezhi"		<=>		/Users/lightman_mac/company/keruyun/proj_sourcecode/kmobile-member-manage/kmember/src/main/res/layout/kmember_vb_group_rule.xml
android:text="@string/kmember_autogen_xuyaochengzhangzhishengzhicidengji_26315"		<=>		android:text="@string/kmember_autogen_need_500_upgrade"		<=>		/Users/lightman_mac/company/keruyun/proj_sourcecode/kmobile-member-manage/kmember/src/main/res/layout/item_member_level_layout.xml
android:text="@string/kmember_autogen_chengzhangzhihuoqu_da7bc"		<=>		android:text="@string/kmember_autogen_chengzhangzhihuoqu"		<=>		/Users/lightman_mac/company/keruyun/proj_sourcecode/kmobile-member-manage/kmember/src/main/res/layout/item_member_level_layout.xml
android:text="@string/kmember_autogen_jifenhuoqu_12ef0"		<=>		android:text="@string/kmember_autogen_jifenhuoqu"		<=>		/Users/lightman_mac/company/keruyun/proj_sourcecode/kmobile-member-manage/kmember/src/main/res/layout/item_member_level_layout.xml
android:text="@string/kmember_autogen_jifendixian_a0d35"		<=>		android:text="@string/kmember_autogen_jifendixian"		<=>		/Users/lightman_mac/company/keruyun/proj_sourcecode/kmobile-member-manage/kmember/src/main/res/layout/item_member_level_layout.xml
android:text="@string/kmember_autogen_huiyuanjia_3e567"		<=>		android:text="@string/kmember_autogen_huiyuanjia"		<=>		/Users/lightman_mac/company/keruyun/proj_sourcecode/kmobile-member-manage/kmember/src/main/res/layout/item_member_level_layout.xml
android:text="@string/kmember_autogen_saoyisaoxiangwofuqiano_4829e"		<=>		android:text="@string/kmember_autogen_scan_me_money"		<=>		/Users/lightman_mac/company/keruyun/proj_sourcecode/kmobile-member-manage/kmember/src/main/res/layout/kmember_pay_frag_create_img.xml
android:text="@string/kmember_autogen_zuizhongchuzhiyue_58ca7"		<=>		android:text="@string/kmember_autogen_final_chuzhi_yuer"		<=>		/Users/lightman_mac/company/keruyun/proj_sourcecode/kmobile-member-manage/kmember/src/main/res/layout/kmember_dialog_update_stored_confirm.xml
android:text="@string/kmember_autogen_yingshou_f0f35"		<=>		android:text="@string/kmember_autogen_yingshou"		<=>		/Users/lightman_mac/company/keruyun/proj_sourcecode/kmobile-member-manage/kmember/src/main/res/layout/kmember_pay_dlg_payment.xml
android:text="@string/kmember_autogen_buxiane_b75e4"		<=>		android:text="@string/kmember_autogen_buxiane"		<=>		/Users/lightman_mac/company/keruyun/proj_sourcecode/kmobile-member-manage/kmember/src/main/res/layout/item_store_density_free_layout.xml
android:text="@string/kmember_autogen_xiane_3e68e"		<=>		android:text="@string/kmember_autogen_xianer"		<=>		/Users/lightman_mac/company/keruyun/proj_sourcecode/kmobile-member-manage/kmember/src/main/res/layout/item_store_density_free_layout.xml
android:text="@string/kmember_autogen_chuzhijine_d0aac"		<=>		android:text="@string/kmember_autogen_chuzhijiner"		<=>		/Users/lightman_mac/company/keruyun/proj_sourcecode/kmobile-member-manage/kmember/src/main/res/layout/kmember_vb_rule_item.xml
android:text="@string/kmember_autogen_yuan_7ef2a"		<=>		android:text="@string/kmember_autogen_yuan"		<=>		/Users/lightman_mac/company/keruyun/proj_sourcecode/kmobile-member-manage/kmember/src/main/res/layout/kmember_vb_rule_item.xml
android:text="@string/kmember_autogen_zengsongjine_fc507"		<=>		android:text="@string/kmember_autogen_zengsongjiner"		<=>		/Users/lightman_mac/company/keruyun/proj_sourcecode/kmobile-member-manage/kmember/src/main/res/layout/kmember_vb_rule_item.xml
android:text="@string/kmember_autogen_guizeshuoming_14b3d"		<=>		android:text="@string/kmember_autogen_guizeshuoming"		<=>		/Users/lightman_mac/company/keruyun/proj_sourcecode/kmobile-member-manage/kmember/src/main/res/layout/kmember_vb_rule_item.xml
android:hint="@string/kmember_autogen_geziyineixuantian_25718"		<=>		android:hint="@string/kmember_autogen_in_25_words"		<=>		/Users/lightman_mac/company/keruyun/proj_sourcecode/kmobile-member-manage/kmember/src/main/res/layout/kmember_vb_rule_item.xml
android:text="@string/kmember_autogen_huiyuandengji_0b898"		<=>				<=>		/Users/lightman_mac/company/keruyun/proj_sourcecode/kmobile-member-manage/kmember/src/main/res/layout/activity_member_level.xml
android:text="@string/kmember_autogen_qidongzhong_615ba"		<=>		android:text="@string/kmember_autogen_qidongzhong"		<=>		/Users/lightman_mac/company/keruyun/proj_sourcecode/kmobile-member-manage/kmember/src/main/res/layout/activity_member_level.xml
android:text="@string/kmember_autogen_dangqianchuzhiyue_88f41"		<=>		android:text="@string/kmember_autogen_dangqianchuzhiyuer"		<=>		/Users/lightman_mac/company/keruyun/proj_sourcecode/kmobile-member-manage/kmember/src/main/res/layout/kmember_act_update_stored.xml
android:text="@string/kmember_autogen_shichujine_1340d"		<=>		android:text="@string/kmember_autogen_shichujiner"		<=>		/Users/lightman_mac/company/keruyun/proj_sourcecode/kmobile-member-manage/kmember/src/main/res/layout/kmember_act_update_stored.xml
android:text="@string/kmember_autogen_kouchuliyou_1dbd6"		<=>		android:text="@string/kmember_autogen_kouchuliyou"		<=>		/Users/lightman_mac/company/keruyun/proj_sourcecode/kmobile-member-manage/kmember/src/main/res/layout/kmember_act_update_stored.xml
android:hint="@string/kmember_autogen_liyoubitian_e6452"		<=>		android:hint="@string/kmember_autogen_liyoubitian"		<=>		/Users/lightman_mac/company/keruyun/proj_sourcecode/kmobile-member-manage/kmember/src/main/res/layout/kmember_act_update_stored.xml
android:text="@string/kmember_autogen_huiyuanzhuangtai_6beee"		<=>		android:text="@string/kmember_autogen_huiyuanzhuangtai"		<=>		/Users/lightman_mac/company/keruyun/proj_sourcecode/kmobile-member-manage/kmember/src/main/res/layout/kmember_act_detail_info.xml
android:text="@string/kmember_autogen_weishezhi_ff304"		<=>		android:text="@string/kmember_autogen_weishezhi"		<=>		/Users/lightman_mac/company/keruyun/proj_sourcecode/kmobile-member-manage/kmember/src/main/res/layout/kmember_act_detail_info.xml
android:text="@string/kmember_autogen_xiaozhang_9d5c2"		<=>				<=>		/Users/lightman_mac/company/keruyun/proj_sourcecode/kmobile-member-manage/kmember/src/main/res/layout/member_credit_dialog_member_prepaid_dialog.xml
android:text="@string/kmember_autogen_zaikeruyunsuoyouzhongduanjinhanghuiyuanyuezhifujunwuxushuruhuiyuanxiaofeimima_cb8fa"		<=>		android:text="@string/kmember_autogen_yuer_pay_desc"		<=>		/Users/lightman_mac/company/keruyun/proj_sourcecode/kmobile-member-manage/kmember/src/main/res/layout/kmember_no_scret_dialog.xml
android:text="@string/kmember_autogen_peizhixiane_ea25c"		<=>		android:text="@string/kmember_autogen_peizhixianer"		<=>		/Users/lightman_mac/company/keruyun/proj_sourcecode/kmobile-member-manage/kmember/src/main/res/layout/kmember_no_scret_dialog.xml
android:text="@string/kmember_autogen_ruodingdanjinedayuxianeshiyonghuiyuanchuzhiyuezhifushirengxushuruhuiyuanxiaofeimimajianyiyouyumianmizhifujuyouyidingfengxianxianeshezhizaiyuanyineijiaoweianquan_951a3"		<=>		android:text="@string/kmember_autogen_big_no_pass_warning"		<=>		/Users/lightman_mac/company/keruyun/proj_sourcecode/kmobile-member-manage/kmember/src/main/res/layout/kmember_no_scret_dialog.xml
android:text="@string/kmember_autogen_zanwukeyongyouhuiquan_f9fb0"		<=>		android:text="@string/kmember_autogen_no_coupons"		<=>		/Users/lightman_mac/company/keruyun/proj_sourcecode/kmobile-member-manage/kmember/src/main/res/layout/kmember_act_coupon_info.xml
android:text="@string/kmember_autogen_yingshoujine_82867"		<=>		android:text="@string/kmember_autogen_yingshoujiner"		<=>		/Users/lightman_mac/company/keruyun/proj_sourcecode/kmobile-member-manage/kmember/src/main/res/layout/kmember_pay_scan_main.xml
android:text="@string/kmember_autogen_manyuankeyong_d09ff"		<=>				<=>		/Users/lightman_mac/company/keruyun/proj_sourcecode/kmobile-member-manage/kmember/src/main/res/layout/kmember_adpt_coupon_info_item.xml
android:text="@string/kmember_autogen_benciketixianjinewei_50cda"		<=>				<=>		/Users/lightman_mac/company/keruyun/proj_sourcecode/kmobile-member-manage/kmember/src/main/res/layout/member_credit_memberlogin_input_dialog.xml
android:text="@string/kmember_autogen_ruheshezhichuzhiguize_c087b"		<=>		android:text="@string/kmember_autogen_how_to_store_value"		<=>		/Users/lightman_mac/company/keruyun/proj_sourcecode/kmobile-member-manage/kmember/src/main/res/layout/kmember_dialog_groups_questions.xml
android:text="@string/kmember_autogen_tianjiafenzu_b1011"		<=>		android:text="@string/kmember_autogen_tianjiafenzu"		<=>		/Users/lightman_mac/company/keruyun/proj_sourcecode/kmobile-member-manage/kmember/src/main/res/layout/kmember_dialog_groups_questions.xml
android:text="@string/kmember_autogen_shezhiguize_dc346"		<=>		android:text="@string/kmember_autogen_shezhiguize"		<=>		/Users/lightman_mac/company/keruyun/proj_sourcecode/kmobile-member-manage/kmember/src/main/res/layout/kmember_dialog_groups_questions.xml
android:text="@string/kmember_autogen_tianjiahuoxiugaiguize_b243f"		<=>		android:text="@string/kmember_autogen_add_or_modify_group"		<=>		/Users/lightman_mac/company/keruyun/proj_sourcecode/kmobile-member-manage/kmember/src/main/res/layout/kmember_dialog_groups_questions.xml
android:text="@string/kmember_autogen_shiyongguize_192c3"		<=>		android:text="@string/kmember_autogen_shiyongguize"		<=>		/Users/lightman_mac/company/keruyun/proj_sourcecode/kmobile-member-manage/kmember/src/main/res/layout/kmember_dialog_groups_questions.xml
android:text="@string/kmember_autogen_chuzhiguizeshengxiao_830c5"		<=>		android:text="@string/kmember_autogen_chuzhiguizeshengxiao"		<=>		/Users/lightman_mac/company/keruyun/proj_sourcecode/kmobile-member-manage/kmember/src/main/res/layout/kmember_dialog_groups_questions.xml
android:text="@string/kmember_autogen_ruozhicunzaiyijiamendianjianyitianjiayigefenzu_38c09"		<=>		android:text="@string/kmember_autogen_one_shop_desc"		<=>		/Users/lightman_mac/company/keruyun/proj_sourcecode/kmobile-member-manage/kmember/src/main/res/layout/kmember_dialog_groups_questions.xml
android:text="@string/kmember_autogen_ruonindegongsixiabaohanduojiamendianbingxiangfenbieshezhigezidechuzhiguizejianyitianjiaduogefenzu_63dac"		<=>		android:text="@string/kmember_autogen_store_value_desc_2"		<=>		/Users/lightman_mac/company/keruyun/proj_sourcecode/kmobile-member-manage/kmember/src/main/res/layout/kmember_dialog_groups_questions.xml
android:text="@string/kmember_autogen_guizezidingyijianyishezhijiangliliruchuzhidayuanzengsongyuanzhichitianjiaduotiaoguizeshezhiduogechuzhijieti_a7e34"		<=>		android:text="@string/kmember_autogen_guizezidingyi_3"		<=>		/Users/lightman_mac/company/keruyun/proj_sourcecode/kmobile-member-manage/kmember/src/main/res/layout/kmember_dialog_groups_questions.xml
android:text="@string/kmember_autogen_chuzhimanzeng_05c58"		<=>		android:text="@string/kmember_autogen_chuzhimanzeng"		<=>		/Users/lightman_mac/company/keruyun/proj_sourcecode/kmobile-member-manage/kmember/src/main/res/layout/kmember_act_stored_value_setting.xml
android:text="@string/kmember_autogen_kaiqihoushezhiduiyingdezengsongjinejiligukechuzhizengjiayingshou_15ffe"		<=>		android:text="@string/kmember_autogen_kaiqi_add_yingshou"		<=>		/Users/lightman_mac/company/keruyun/proj_sourcecode/kmobile-member-manage/kmember/src/main/res/layout/kmember_act_stored_value_setting.xml
android:text="@string/kmember_autogen_manzengguize_33fb6"		<=>		android:text="@string/kmember_autogen_manzengguize"		<=>		/Users/lightman_mac/company/keruyun/proj_sourcecode/kmobile-member-manage/kmember/src/main/res/layout/kmember_act_stored_value_setting.xml
android:text="@string/kmember_autogen_anjine_18844"		<=>		android:text="@string/kmember_autogen_anjiner"		<=>		/Users/lightman_mac/company/keruyun/proj_sourcecode/kmobile-member-manage/kmember/src/main/res/layout/kmember_act_stored_value_setting.xml
android:text="@string/kmember_autogen_anbili_98f79"		<=>		android:text="@string/kmember_autogen_anbili"		<=>		/Users/lightman_mac/company/keruyun/proj_sourcecode/kmobile-member-manage/kmember/src/main/res/layout/kmember_act_stored_value_setting.xml
android:text="@string/kmember_autogen_tianjia_be8ae"		<=>		android:text="@string/kmember_autogen_tianjia"		<=>		/Users/lightman_mac/company/keruyun/proj_sourcecode/kmobile-member-manage/kmember/src/main/res/layout/kmember_act_stored_value_setting.xml
android:text="@string/kmember_autogen_nianyue_4d5e1"		<=>				<=>		/Users/lightman_mac/company/keruyun/proj_sourcecode/kmobile-member-manage/kmember/src/main/res/layout/member_credit_item_member_head.xml
android:text="@string/kmember_autogen_yiguazhangjine_3ffe6"		<=>				<=>		/Users/lightman_mac/company/keruyun/proj_sourcecode/kmobile-member-manage/kmember/src/main/res/layout/item_bill_layout.xml
android:text="@string/kmember_autogen_gaihuiyuansuozaidechuzhifenzu_a714a"		<=>		android:text="@string/kmember_autogen_vip_in_group"		<=>		/Users/lightman_mac/company/keruyun/proj_sourcecode/kmobile-member-manage/kmember/src/main/res/layout/kmember_act_stored_detail.xml
android:text="@string/kmember_autogen_chuzhiyue_34ae5"		<=>		android:text="@string/kmember_autogen_chuzhiyuer"		<=>		/Users/lightman_mac/company/keruyun/proj_sourcecode/kmobile-member-manage/kmember/src/main/res/layout/kmember_act_stored_detail.xml
android:text="@string/kmember_autogen_chuzhiyueyouwu_4ab47"		<=>		android:text="@string/kmember_autogen_chuzhiyuer_error"		<=>		/Users/lightman_mac/company/keruyun/proj_sourcecode/kmobile-member-manage/kmember/src/main/res/layout/kmember_act_stored_detail.xml
android:text="@string/kmember_autogen_bulu_7e298"		<=>		android:text="@string/kmember_autogen_bulu"		<=>		/Users/lightman_mac/company/keruyun/proj_sourcecode/kmobile-member-manage/kmember/src/main/res/layout/kmember_act_stored_detail.xml
android:text="@string/kmember_autogen_kouchu_34120"		<=>		android:text="@string/kmember_autogen_kouchu"		<=>		/Users/lightman_mac/company/keruyun/proj_sourcecode/kmobile-member-manage/kmember/src/main/res/layout/kmember_act_stored_detail.xml
android:text="@string/kmember_autogen_leijichuzhi_889f5"		<=>		android:text="@string/kmember_autogen_leijichuzhi"		<=>		/Users/lightman_mac/company/keruyun/proj_sourcecode/kmobile-member-manage/kmember/src/main/res/layout/kmember_act_stored_detail.xml
